<?xml version="1.0" encoding="UTF-8"?>
<testsuite name="AppFluentTest" tests="2" skipped="0" failures="0" errors="0" timestamp="2015-08-14T07:39:45" hostname="Nataliyas-MacBook-Pro.local" time="0.455">
  <properties/>
  <testcase name="rootTest" classname="AppFluentTest" time="0.375"/>
  <testcase name="isResultDisplayed" classname="AppFluentTest" time="0.074"/>
  <system-out><![CDATA[]]></system-out>
  <system-err><![CDATA[[Thread-4] INFO spark.webserver.SparkServer - == Spark has ignited ...
[Thread-4] INFO spark.webserver.SparkServer - >> Listening on 0.0.0.0:4567
[Thread-4] INFO org.eclipse.jetty.server.Server - jetty-9.0.2.v20130417
[Thread-4] INFO org.eclipse.jetty.server.ServerConnector - Started ServerConnector@45d9fe46{HTTP/1.1}{0.0.0.0:4567}
[Test worker] INFO spark.webserver.SparkServer - >>> Spark shutting down ...
[Test worker] INFO org.eclipse.jetty.server.Server - Graceful shutdown org.eclipse.jetty.server.Server@45688324 by 
[Test worker] INFO org.eclipse.jetty.server.ServerConnector - Stopped ServerConnector@45d9fe46{HTTP/1.1}{0.0.0.0:4567}
[Test worker] INFO spark.webserver.SparkServer - done
]]></system-err>
</testsuite>
